1970-01-01T00:33:43+00:00	docker.logs	{"log":"1:signal-handler (1677642468) Received SIGTERM scheduling shutdown...\n","stream":"stdout"}
1970-01-01T00:33:43+00:00	docker.logs	{"log":"1:M 01 Mar 2023 03:47:48.048 # User requested shutdown...\n","stream":"stdout"}
1970-01-01T00:33:43+00:00	docker.logs	{"log":"1:M 01 Mar 2023 03:47:48.048 * Saving the final RDB snapshot before exiting.\n","stream":"stdout"}
1970-01-01T00:33:43+00:00	docker.logs	{"log":"1:M 01 Mar 2023 03:47:48.054 * DB saved on disk\n","stream":"stdout"}
1970-01-01T00:33:43+00:00	docker.logs	{"log":"1:M 01 Mar 2023 03:47:48.054 # Redis is now ready to exit, bye bye...\n","stream":"stdout"}
1970-01-01T00:33:43+00:00	docker.logs	{"log":"2023-02-10 23:12:37+00:00 [Note] [Entrypoint]: Entrypoint script for MySQL Server 8.0.32-1.el8 started.\n","stream":"stdout"}
1970-01-01T00:33:43+00:00	docker.logs	{"log":"2023-02-10 23:12:38+00:00 [Note] [Entrypoint]: Switching to dedicated user 'mysql'\n","stream":"stdout"}
1970-01-01T00:33:43+00:00	docker.logs	{"log":"2023-02-10 23:12:38+00:00 [Note] [Entrypoint]: Entrypoint script for MySQL Server 8.0.32-1.el8 started.\n","stream":"stdout"}
1970-01-01T00:33:43+00:00	docker.logs	{"log":"2023-02-10 23:12:38+00:00 [Note] [Entrypoint]: Initializing database files\n","stream":"stdout"}
1970-01-01T00:33:43+00:00	docker.logs	{"log":"2023-02-10T23:12:38.218136Z 0 [Warning] [MY-011068] [Server] The syntax '--skip-host-cache' is deprecated and will be removed in a future release. Please use SET GLOBAL host_cache_size=0 instead.\n","stream":"stderr"}
1970-01-01T00:33:43+00:00	docker.logs	{"log":"2023-02-10T23:12:38.218191Z 0 [System] [MY-013169] [Server] /usr/sbin/mysqld (mysqld 8.0.32) initializing of server in progress as process 80\n","stream":"stderr"}
1970-01-01T00:33:43+00:00	docker.logs	{"log":"2023-02-10T23:12:38.227410Z 1 [System] [MY-013576] [InnoDB] InnoDB initialization has started.\n","stream":"stderr"}
1970-01-01T00:33:43+00:00	docker.logs	{"log":"2023-02-10T23:12:38.966173Z 1 [System] [MY-013577] [InnoDB] InnoDB initialization has ended.\n","stream":"stderr"}
1970-01-01T00:33:43+00:00	docker.logs	{"log":"2023-02-10T23:12:40.536933Z 6 [Warning] [MY-010453] [Server] root@localhost is created with an empty password ! Please consider switching off the --initialize-insecure option.\n","stream":"stderr"}
1970-01-01T00:33:43+00:00	docker.logs	{"log":"2023-02-10 23:12:44+00:00 [Note] [Entrypoint]: Database files initialized\n","stream":"stdout"}
1970-01-01T00:33:43+00:00	docker.logs	{"log":"2023-02-10 23:12:44+00:00 [Note] [Entrypoint]: Starting temporary server\n","stream":"stdout"}
1970-01-01T00:33:43+00:00	docker.logs	{"log":"2023-02-10T23:12:44.386845Z 0 [Warning] [MY-011068] [Server] The syntax '--skip-host-cache' is deprecated and will be removed in a future release. Please use SET GLOBAL host_cache_size=0 instead.\n","stream":"stderr"}
1970-01-01T00:33:43+00:00	docker.logs	{"log":"2023-02-10T23:12:44.387463Z 0 [System] [MY-010116] [Server] /usr/sbin/mysqld (mysqld 8.0.32) starting as process 125\n","stream":"stderr"}
1970-01-01T00:33:43+00:00	docker.logs	{"log":"2023-02-10T23:12:44.402170Z 1 [System] [MY-013576] [InnoDB] InnoDB initialization has started.\n","stream":"stderr"}
1970-01-01T00:33:43+00:00	docker.logs	{"log":"2023-02-10T23:12:44.512587Z 1 [System] [MY-013577] [InnoDB] InnoDB initialization has ended.\n","stream":"stderr"}
1970-01-01T00:33:43+00:00	docker.logs	{"log":"2023-02-10T23:12:44.782247Z 0 [Warning] [MY-010068] [Server] CA certificate ca.pem is self signed.\n","stream":"stderr"}
1970-01-01T00:33:43+00:00	docker.logs	{"log":"2023-02-10T23:12:44.782294Z 0 [System] [MY-013602] [Server] Channel mysql_main configured to support TLS. Encrypted connections are now supported for this channel.\n","stream":"stderr"}
1970-01-01T00:33:43+00:00	docker.logs	{"log":"2023-02-10T23:12:44.785565Z 0 [Warning] [MY-011810] [Server] Insecure configuration for --pid-file: Location '/var/run/mysqld' in the path is accessible to all OS users. Consider choosing a different directory.\n","stream":"stderr"}
1970-01-01T00:33:43+00:00	docker.logs	{"log":"2023-02-10T23:12:44.813856Z 0 [System] [MY-011323] [Server] X Plugin ready for connections. Socket: /var/run/mysqld/mysqlx.sock\n","stream":"stderr"}
1970-01-01T00:33:43+00:00	docker.logs	{"log":"2023-02-10T23:12:44.814236Z 0 [System] [MY-010931] [Server] /usr/sbin/mysqld: ready for connections. Version: '8.0.32'  socket: '/var/run/mysqld/mysqld.sock'  port: 0  MySQL Community Server - GPL.\n","stream":"stderr"}
1970-01-01T00:33:43+00:00	docker.logs	{"log":"2023-02-10 23:12:44+00:00 [Note] [Entrypoint]: Temporary server started.\n","stream":"stdout"}
1970-01-01T00:33:43+00:00	docker.logs	{"log":"'/var/lib/mysql/mysql.sock' -> '/var/run/mysqld/mysqld.sock'\n","stream":"stdout"}
1970-01-01T00:33:43+00:00	docker.logs	{"log":"Warning: Unable to load '/usr/share/zoneinfo/iso3166.tab' as time zone. Skipping it.\n","stream":"stderr"}
1970-01-01T00:33:43+00:00	docker.logs	{"log":"Warning: Unable to load '/usr/share/zoneinfo/leapseconds' as time zone. Skipping it.\n","stream":"stderr"}
1970-01-01T00:33:43+00:00	docker.logs	{"log":"Warning: Unable to load '/usr/share/zoneinfo/tzdata.zi' as time zone. Skipping it.\n","stream":"stderr"}
1970-01-01T00:33:43+00:00	docker.logs	{"log":"Warning: Unable to load '/usr/share/zoneinfo/zone.tab' as time zone. Skipping it.\n","stream":"stderr"}
1970-01-01T00:33:43+00:00	docker.logs	{"log":"Warning: Unable to load '/usr/share/zoneinfo/zone1970.tab' as time zone. Skipping it.\n","stream":"stderr"}
1970-01-01T00:33:43+00:00	docker.logs	{"log":"2023-02-10 23:12:46+00:00 [Note] [Entrypoint]: Creating database testdb\n","stream":"stdout"}
1970-01-01T00:33:43+00:00	docker.logs	{"log":"2023-02-10 23:12:46+00:00 [Note] [Entrypoint]: Creating user isr\n","stream":"stdout"}
1970-01-01T00:33:43+00:00	docker.logs	{"log":"2023-02-10 23:12:46+00:00 [Note] [Entrypoint]: Giving user isr access to schema testdb\n","stream":"stdout"}
1970-01-01T00:33:43+00:00	docker.logs	{"log":"\n","stream":"stdout"}
1970-01-01T00:33:43+00:00	docker.logs	{"log":"2023-02-10 23:12:46+00:00 [Note] [Entrypoint]: Stopping temporary server\n","stream":"stdout"}
1970-01-01T00:33:43+00:00	docker.logs	{"log":"2023-02-10T23:12:46.711524Z 13 [System] [MY-013172] [Server] Received SHUTDOWN from user root. Shutting down mysqld (Version: 8.0.32).\n","stream":"stderr"}
1970-01-01T00:33:43+00:00	docker.logs	{"log":"2023-02-10T23:12:48.728441Z 0 [System] [MY-010910] [Server] /usr/sbin/mysqld: Shutdown complete (mysqld 8.0.32)  MySQL Community Server - GPL.\n","stream":"stderr"}
1970-01-01T00:33:43+00:00	docker.logs	{"log":"2023-02-10 23:12:49+00:00 [Note] [Entrypoint]: Temporary server stopped\n","stream":"stdout"}
1970-01-01T00:33:43+00:00	docker.logs	{"log":"\n","stream":"stdout"}
1970-01-01T00:33:43+00:00	docker.logs	{"log":"2023-02-10 23:12:49+00:00 [Note] [Entrypoint]: MySQL init process done. Ready for start up.\n","stream":"stdout"}
1970-01-01T00:33:43+00:00	docker.logs	{"log":"\n","stream":"stdout"}
1970-01-01T00:33:43+00:00	docker.logs	{"log":"2023-02-10T23:12:49.901109Z 0 [Warning] [MY-011068] [Server] The syntax '--skip-host-cache' is deprecated and will be removed in a future release. Please use SET GLOBAL host_cache_size=0 instead.\n","stream":"stderr"}
1970-01-01T00:33:43+00:00	docker.logs	{"log":"2023-02-10T23:12:49.901915Z 0 [System] [MY-010116] [Server] /usr/sbin/mysqld (mysqld 8.0.32) starting as process 1\n","stream":"stderr"}
1970-01-01T00:33:43+00:00	docker.logs	{"log":"2023-02-10T23:12:49.914006Z 1 [System] [MY-013576] [InnoDB] InnoDB initialization has started.\n","stream":"stderr"}
1970-01-01T00:33:43+00:00	docker.logs	{"log":"2023-02-10T23:12:50.029249Z 1 [System] [MY-013577] [InnoDB] InnoDB initialization has ended.\n","stream":"stderr"}
1970-01-01T00:33:43+00:00	docker.logs	{"log":"2023-02-10T23:12:50.258909Z 0 [Warning] [MY-010068] [Server] CA certificate ca.pem is self signed.\n","stream":"stderr"}
1970-01-01T00:33:43+00:00	docker.logs	{"log":"2023-02-10T23:12:50.258953Z 0 [System] [MY-013602] [Server] Channel mysql_main configured to support TLS. Encrypted connections are now supported for this channel.\n","stream":"stderr"}
1970-01-01T00:33:43+00:00	docker.logs	{"log":"2023-02-10T23:12:50.262133Z 0 [Warning] [MY-011810] [Server] Insecure configuration for --pid-file: Location '/var/run/mysqld' in the path is accessible to all OS users. Consider choosing a different directory.\n","stream":"stderr"}
1970-01-01T00:33:43+00:00	docker.logs	{"log":"2023-02-10T23:12:50.276038Z 0 [System] [MY-011323] [Server] X Plugin ready for connections. Bind-address: '::' port: 33060, socket: /var/run/mysqld/mysqlx.sock\n","stream":"stderr"}
1970-01-01T00:33:43+00:00	docker.logs	{"log":"2023-02-10T23:12:50.276134Z 0 [System] [MY-010931] [Server] /usr/sbin/mysqld: ready for connections. Version: '8.0.32'  socket: '/var/run/mysqld/mysqld.sock'  port: 3306  MySQL Community Server - GPL.\n","stream":"stderr"}
1970-01-01T00:33:43+00:00	docker.logs	{"log":"2023-02-11T01:36:04.818342Z 0 [System] [MY-013172] [Server] Received SHUTDOWN from user <via user signal>. Shutting down mysqld (Version: 8.0.32).\n","stream":"stderr"}
1970-01-01T00:33:43+00:00	docker.logs	{"log":"2023-02-11T01:36:06.842182Z 0 [Warning] [MY-010909] [Server] /usr/sbin/mysqld: Forcing close of thread 14  user: 'root'.\n","stream":"stderr"}
1970-01-01T00:33:43+00:00	docker.logs	{"log":"2023-02-11T01:36:08.520712Z 0 [System] [MY-010910] [Server] /usr/sbin/mysqld: Shutdown complete (mysqld 8.0.32)  MySQL Community Server - GPL.\n","stream":"stderr"}
1970-01-01T00:33:43+00:00	docker.logs	{"log":"2023-02-11 03:55:13+00:00 [Note] [Entrypoint]: Entrypoint script for MySQL Server 8.0.32-1.el8 started.\n","stream":"stdout"}
1970-01-01T00:33:43+00:00	docker.logs	{"log":"2023-02-11 03:55:13+00:00 [Note] [Entrypoint]: Switching to dedicated user 'mysql'\n","stream":"stdout"}
1970-01-01T00:33:43+00:00	docker.logs	{"log":"2023-02-11 03:55:13+00:00 [Note] [Entrypoint]: Entrypoint script for MySQL Server 8.0.32-1.el8 started.\n","stream":"stdout"}
1970-01-01T00:33:43+00:00	docker.logs	{"log":"'/var/lib/mysql/mysql.sock' -> '/var/run/mysqld/mysqld.sock'\n","stream":"stdout"}
1970-01-01T00:33:43+00:00	docker.logs	{"log":"2023-02-11T03:55:14.117170Z 0 [Warning] [MY-011068] [Server] The syntax '--skip-host-cache' is deprecated and will be removed in a future release. Please use SET GLOBAL host_cache_size=0 instead.\n","stream":"stderr"}
1970-01-01T00:33:43+00:00	docker.logs	{"log":"2023-02-11T03:55:14.118597Z 0 [System] [MY-010116] [Server] /usr/sbin/mysqld (mysqld 8.0.32) starting as process 1\n","stream":"stderr"}
1970-01-01T00:33:43+00:00	docker.logs	{"log":"2023-02-11T03:55:14.137635Z 1 [System] [MY-013576] [InnoDB] InnoDB initialization has started.\n","stream":"stderr"}
1970-01-01T00:33:43+00:00	docker.logs	{"log":"2023-02-11T03:55:14.300820Z 1 [System] [MY-013577] [InnoDB] InnoDB initialization has ended.\n","stream":"stderr"}
1970-01-01T00:33:43+00:00	docker.logs	{"log":"2023-02-11T03:55:14.738475Z 0 [Warning] [MY-010068] [Server] CA certificate ca.pem is self signed.\n","stream":"stderr"}
1970-01-01T00:33:43+00:00	docker.logs	{"log":"2023-02-11T03:55:14.738513Z 0 [System] [MY-013602] [Server] Channel mysql_main configured to support TLS. Encrypted connections are now supported for this channel.\n","stream":"stderr"}
1970-01-01T00:33:43+00:00	docker.logs	{"log":"2023-02-11T03:55:14.742518Z 0 [Warning] [MY-011810] [Server] Insecure configuration for --pid-file: Location '/var/run/mysqld' in the path is accessible to all OS users. Consider choosing a different directory.\n","stream":"stderr"}
1970-01-01T00:33:43+00:00	docker.logs	{"log":"2023-02-11T03:55:14.765529Z 0 [System] [MY-011323] [Server] X Plugin ready for connections. Bind-address: '::' port: 33060, socket: /var/run/mysqld/mysqlx.sock\n","stream":"stderr"}
1970-01-01T00:33:43+00:00	docker.logs	{"log":"2023-02-11T03:55:14.765646Z 0 [System] [MY-010931] [Server] /usr/sbin/mysqld: ready for connections. Version: '8.0.32'  socket: '/var/run/mysqld/mysqld.sock'  port: 3306  MySQL Community Server - GPL.\n","stream":"stderr"}
1970-01-01T00:33:43+00:00	docker.logs	{"log":"2023-02-11T06:52:49.229262Z 0 [System] [MY-013172] [Server] Received SHUTDOWN from user <via user signal>. Shutting down mysqld (Version: 8.0.32).\n","stream":"stderr"}
1970-01-01T00:33:43+00:00	docker.logs	{"log":"2023-02-11T06:52:50.563221Z 0 [System] [MY-010910] [Server] /usr/sbin/mysqld: Shutdown complete (mysqld 8.0.32)  MySQL Community Server - GPL.\n","stream":"stderr"}
1970-01-01T00:33:43+00:00	docker.logs	{"log":"2023-02-12 02:46:06+00:00 [Note] [Entrypoint]: Entrypoint script for MySQL Server 8.0.32-1.el8 started.\n","stream":"stdout"}
1970-01-01T00:33:43+00:00	docker.logs	{"log":"2023-02-12 02:46:07+00:00 [Note] [Entrypoint]: Switching to dedicated user 'mysql'\n","stream":"stdout"}
1970-01-01T00:33:43+00:00	docker.logs	{"log":"2023-02-12 02:46:07+00:00 [Note] [Entrypoint]: Entrypoint script for MySQL Server 8.0.32-1.el8 started.\n","stream":"stdout"}
1970-01-01T00:33:43+00:00	docker.logs	{"log":"'/var/lib/mysql/mysql.sock' -> '/var/run/mysqld/mysqld.sock'\n","stream":"stdout"}
1970-01-01T00:33:43+00:00	docker.logs	{"log":"2023-02-12T02:46:08.227561Z 0 [Warning] [MY-011068] [Server] The syntax '--skip-host-cache' is deprecated and will be removed in a future release. Please use SET GLOBAL host_cache_size=0 instead.\n","stream":"stderr"}
1970-01-01T00:33:43+00:00	docker.logs	{"log":"2023-02-12T02:46:08.238220Z 0 [System] [MY-010116] [Server] /usr/sbin/mysqld (mysqld 8.0.32) starting as process 1\n","stream":"stderr"}
1970-01-01T00:33:43+00:00	docker.logs	{"log":"2023-02-12T02:46:08.257015Z 1 [System] [MY-013576] [InnoDB] InnoDB initialization has started.\n","stream":"stderr"}
1970-01-01T00:33:43+00:00	docker.logs	{"log":"2023-02-12T02:46:08.666491Z 1 [System] [MY-013577] [InnoDB] InnoDB initialization has ended.\n","stream":"stderr"}
1970-01-01T00:33:43+00:00	docker.logs	{"log":"2023-02-12T02:46:09.289119Z 0 [Warning] [MY-010068] [Server] CA certificate ca.pem is self signed.\n","stream":"stderr"}
1970-01-01T00:33:43+00:00	docker.logs	{"log":"2023-02-12T02:46:09.289226Z 0 [System] [MY-013602] [Server] Channel mysql_main configured to support TLS. Encrypted connections are now supported for this channel.\n","stream":"stderr"}
1970-01-01T00:33:43+00:00	docker.logs	{"log":"2023-02-12T02:46:09.293624Z 0 [Warning] [MY-011810] [Server] Insecure configuration for --pid-file: Location '/var/run/mysqld' in the path is accessible to all OS users. Consider choosing a different directory.\n","stream":"stderr"}
1970-01-01T00:33:43+00:00	docker.logs	{"log":"2023-02-12T02:46:09.365778Z 0 [System] [MY-011323] [Server] X Plugin ready for connections. Bind-address: '::' port: 33060, socket: /var/run/mysqld/mysqlx.sock\n","stream":"stderr"}
1970-01-01T00:33:43+00:00	docker.logs	{"log":"2023-02-12T02:46:09.366311Z 0 [System] [MY-010931] [Server] /usr/sbin/mysqld: ready for connections. Version: '8.0.32'  socket: '/var/run/mysqld/mysqld.sock'  port: 3306  MySQL Community Server - GPL.\n","stream":"stderr"}
1970-01-01T00:33:43+00:00	docker.logs	{"log":"2023-02-12T05:29:11.940345Z 0 [System] [MY-013172] [Server] Received SHUTDOWN from user <via user signal>. Shutting down mysqld (Version: 8.0.32).\n","stream":"stderr"}
1970-01-01T00:33:43+00:00	docker.logs	{"log":"2023-02-12T05:29:13.113856Z 0 [System] [MY-010910] [Server] /usr/sbin/mysqld: Shutdown complete (mysqld 8.0.32)  MySQL Community Server - GPL.\n","stream":"stderr"}
1970-01-01T00:33:43+00:00	docker.logs	{"log":"exec /docker-gs-ping: no such file or directory\r\n","stream":"stdout"}
1970-01-01T00:33:43+00:00	docker.logs	{"log":"exec ./docker-gs-ping: no such file or directory\r\n","stream":"stdout"}
1970-01-01T00:33:43+00:00	docker.logs	{"log":"{\"t\":{\"$date\":\"2023-02-21T04:21:46.646+00:00\"},\"s\":\"I\",  \"c\":\"CONTROL\",  \"id\":23285,   \"ctx\":\"-\",\"msg\":\"Automatically disabling TLS 1.0, to force-enable TLS 1.0 specify --sslDisabledProtocols 'none'\"}\n","stream":"stdout"}
1970-01-01T00:33:43+00:00	docker.logs	{"log":"{\"t\":{\"$date\":\"2023-02-21T04:21:46.651+00:00\"},\"s\":\"I\",  \"c\":\"NETWORK\",  \"id\":4915701, \"ctx\":\"main\",\"msg\":\"Initialized wire specification\",\"attr\":{\"spec\":{\"incomingExternalClient\":{\"minWireVersion\":0,\"maxWireVersion\":17},\"incomingInternalClient\":{\"minWireVersion\":0,\"maxWireVersion\":17},\"outgoing\":{\"minWireVersion\":6,\"maxWireVersion\":17},\"isInternalClient\":true}}}\n","stream":"stdout"}
1970-01-01T00:33:43+00:00	docker.logs	{"log":"{\"t\":{\"$date\":\"2023-02-21T04:21:46.653+00:00\"},\"s\":\"I\",  \"c\":\"NETWORK\",  \"id\":4648601, \"ctx\":\"main\",\"msg\":\"Implicit TCP FastOpen unavailable. If TCP FastOpen is required, set tcpFastOpenServer, tcpFastOpenClient, and tcpFastOpenQueueSize.\"}\n","stream":"stdout"}
1970-01-01T00:33:43+00:00	docker.logs	{"log":"{\"t\":{\"$date\":\"2023-02-21T04:21:46.659+00:00\"},\"s\":\"I\",  \"c\":\"REPL\",     \"id\":5123008, \"ctx\":\"main\",\"msg\":\"Successfully registered PrimaryOnlyService\",\"attr\":{\"service\":\"TenantMigrationDonorService\",\"namespace\":\"config.tenantMigrationDonors\"}}\n","stream":"stdout"}
1970-01-01T00:33:43+00:00	docker.logs	{"log":"{\"t\":{\"$date\":\"2023-02-21T04:21:46.659+00:00\"},\"s\":\"I\",  \"c\":\"REPL\",     \"id\":5123008, \"ctx\":\"main\",\"msg\":\"Successfully registered PrimaryOnlyService\",\"attr\":{\"service\":\"TenantMigrationRecipientService\",\"namespace\":\"config.tenantMigrationRecipients\"}}\n","stream":"stdout"}
1970-01-01T00:33:43+00:00	docker.logs	{"log":"{\"t\":{\"$date\":\"2023-02-21T04:21:46.659+00:00\"},\"s\":\"I\",  \"c\":\"REPL\",     \"id\":5123008, \"ctx\":\"main\",\"msg\":\"Successfully registered PrimaryOnlyService\",\"attr\":{\"service\":\"ShardSplitDonorService\",\"namespace\":\"config.tenantSplitDonors\"}}\n","stream":"stdout"}
1970-01-01T00:33:43+00:00	docker.logs	{"log":"{\"t\":{\"$date\":\"2023-02-21T04:21:46.659+00:00\"},\"s\":\"I\",  \"c\":\"CONTROL\",  \"id\":5945603, \"ctx\":\"main\",\"msg\":\"Multi threading initialized\"}\n","stream":"stdout"}
1970-01-01T00:33:43+00:00	docker.logs	{"log":"{\"t\":{\"$date\":\"2023-02-21T04:21:46.660+00:00\"},\"s\":\"I\",  \"c\":\"CONTROL\",  \"id\":4615611, \"ctx\":\"initandlisten\",\"msg\":\"MongoDB starting\",\"attr\":{\"pid\":1,\"port\":27017,\"dbPath\":\"/data/db\",\"architecture\":\"64-bit\",\"host\":\"3a960778763e\"}}\n","stream":"stdout"}
1970-01-01T00:33:43+00:00	docker.logs	{"log":"{\"t\":{\"$date\":\"2023-02-21T04:21:46.660+00:00\"},\"s\":\"I\",  \"c\":\"CONTROL\",  \"id\":23403,   \"ctx\":\"initandlisten\",\"msg\":\"Build Info\",\"attr\":{\"buildInfo\":{\"version\":\"6.0.4\",\"gitVersion\":\"44ff59461c1353638a71e710f385a566bcd2f547\",\"openSSLVersion\":\"OpenSSL 3.0.2 15 Mar 2022\",\"modules\":[],\"allocator\":\"tcmalloc\",\"environment\":{\"distmod\":\"ubuntu2204\",\"distarch\":\"x86_64\",\"target_arch\":\"x86_64\"}}}}\n","stream":"stdout"}
1970-01-01T00:33:43+00:00	docker.logs	{"log":"{\"t\":{\"$date\":\"2023-02-21T04:21:46.660+00:00\"},\"s\":\"I\",  \"c\":\"CONTROL\",  \"id\":51765,   \"ctx\":\"initandlisten\",\"msg\":\"Operating System\",\"attr\":{\"os\":{\"name\":\"Ubuntu\",\"version\":\"22.04\"}}}\n","stream":"stdout"}
1970-01-01T00:33:43+00:00	docker.logs	{"log":"{\"t\":{\"$date\":\"2023-02-21T04:21:46.660+00:00\"},\"s\":\"I\",  \"c\":\"CONTROL\",  \"id\":21951,   \"ctx\":\"initandlisten\",\"msg\":\"Options set by command line\",\"attr\":{\"options\":{\"net\":{\"bindIp\":\"*\"}}}}\n","stream":"stdout"}
1970-01-01T00:33:43+00:00	docker.logs	{"log":"{\"t\":{\"$date\":\"2023-02-21T04:21:46.662+00:00\"},\"s\":\"I\",  \"c\":\"STORAGE\",  \"id\":22297,   \"ctx\":\"initandlisten\",\"msg\":\"Using the XFS filesystem is strongly recommended with the WiredTiger storage engine. See http://dochub.mongodb.org/core/prodnotes-filesystem\",\"tags\":[\"startupWarnings\"]}\n","stream":"stdout"}
1970-01-01T00:33:43+00:00	docker.logs	{"log":"{\"t\":{\"$date\":\"2023-02-21T04:21:46.663+00:00\"},\"s\":\"I\",  \"c\":\"STORAGE\",  \"id\":22315,   \"ctx\":\"initandlisten\",\"msg\":\"Opening WiredTiger\",\"attr\":{\"config\":\"create,cache_size=3425M,session_max=33000,eviction=(threads_min=4,threads_max=4),config_base=false,statistics=(fast),log=(enabled=true,remove=true,path=journal,compressor=snappy),builtin_extension_config=(zstd=(compression_level=6)),file_manager=(close_idle_time=600,close_scan_interval=10,close_handle_minimum=2000),statistics_log=(wait=0),json_output=(error,message),verbose=[recovery_progress:1,checkpoint_progress:1,compact_progress:1,backup:0,checkpoint:0,compact:0,evict:0,history_store:0,recovery:0,rts:0,salvage:0,tiered:0,timestamp:0,transaction:0,verify:0,log:0],\"}}\n","stream":"stdout"}
1970-01-01T00:33:43+00:00	docker.logs	{"log":"{\"t\":{\"$date\":\"2023-02-21T04:21:47.104+00:00\"},\"s\":\"I\",  \"c\":\"STORAGE\",  \"id\":4795906, \"ctx\":\"initandlisten\",\"msg\":\"WiredTiger opened\",\"attr\":{\"durationMillis\":441}}\n","stream":"stdout"}
1970-01-01T00:33:43+00:00	docker.logs	{"log":"{\"t\":{\"$date\":\"2023-02-21T04:21:47.104+00:00\"},\"s\":\"I\",  \"c\":\"RECOVERY\", \"id\":23987,   \"ctx\":\"initandlisten\",\"msg\":\"WiredTiger recoveryTimestamp\",\"attr\":{\"recoveryTimestamp\":{\"$timestamp\":{\"t\":0,\"i\":0}}}}\n","stream":"stdout"}
1970-01-01T00:33:43+00:00	docker.logs	{"log":"{\"t\":{\"$date\":\"2023-02-21T04:21:47.133+00:00\"},\"s\":\"W\",  \"c\":\"CONTROL\",  \"id\":22120,   \"ctx\":\"initandlisten\",\"msg\":\"Access control is not enabled for the database. Read and write access to data and configuration is unrestricted\",\"tags\":[\"startupWarnings\"]}\n","stream":"stdout"}
1970-01-01T00:33:43+00:00	docker.logs	{"log":"{\"t\":{\"$date\":\"2023-02-21T04:21:47.133+00:00\"},\"s\":\"W\",  \"c\":\"CONTROL\",  \"id\":22178,   \"ctx\":\"initandlisten\",\"msg\":\"/sys/kernel/mm/transparent_hugepage/enabled is 'always'. We suggest setting it to 'never'\",\"tags\":[\"startupWarnings\"]}\n","stream":"stdout"}
1970-01-01T00:33:43+00:00	docker.logs	{"log":"{\"t\":{\"$date\":\"2023-02-21T04:21:47.133+00:00\"},\"s\":\"W\",  \"c\":\"CONTROL\",  \"id\":5123300, \"ctx\":\"initandlisten\",\"msg\":\"vm.max_map_count is too low\",\"attr\":{\"currentValue\":65530,\"recommendedMinimum\":1677720,\"maxConns\":838860},\"tags\":[\"startupWarnings\"]}\n","stream":"stdout"}
1970-01-01T00:33:43+00:00	docker.logs	{"log":"{\"t\":{\"$date\":\"2023-02-21T04:21:47.134+00:00\"},\"s\":\"I\",  \"c\":\"STORAGE\",  \"id\":20320,   \"ctx\":\"initandlisten\",\"msg\":\"createCollection\",\"attr\":{\"namespace\":\"admin.system.version\",\"uuidDisposition\":\"provided\",\"uuid\":{\"uuid\":{\"$uuid\":\"6d755810-87e3-4319-b95a-74d0372e26bc\"}},\"options\":{\"uuid\":{\"$uuid\":\"6d755810-87e3-4319-b95a-74d0372e26bc\"}}}}\n","stream":"stdout"}
1970-01-01T00:33:43+00:00	docker.logs	{"log":"{\"t\":{\"$date\":\"2023-02-21T04:21:47.154+00:00\"},\"s\":\"I\",  \"c\":\"INDEX\",    \"id\":20345,   \"ctx\":\"initandlisten\",\"msg\":\"Index build: done building\",\"attr\":{\"buildUUID\":null,\"collectionUUID\":{\"uuid\":{\"$uuid\":\"6d755810-87e3-4319-b95a-74d0372e26bc\"}},\"namespace\":\"admin.system.version\",\"index\":\"_id_\",\"ident\":\"index-1-2747709118461791081\",\"collectionIdent\":\"collection-0-2747709118461791081\",\"commitTimestamp\":null}}\n","stream":"stdout"}
1970-01-01T00:33:43+00:00	docker.logs	{"log":"{\"t\":{\"$date\":\"2023-02-21T04:21:47.155+00:00\"},\"s\":\"I\",  \"c\":\"REPL\",     \"id\":20459,   \"ctx\":\"initandlisten\",\"msg\":\"Setting featureCompatibilityVersion\",\"attr\":{\"newVersion\":\"6.0\"}}\n","stream":"stdout"}
1970-01-01T00:33:43+00:00	docker.logs	{"log":"{\"t\":{\"$date\":\"2023-02-21T04:21:47.155+00:00\"},\"s\":\"I\",  \"c\":\"REPL\",     \"id\":5853300, \"ctx\":\"initandlisten\",\"msg\":\"current featureCompatibilityVersion value\",\"attr\":{\"featureCompatibilityVersion\":\"6.0\",\"context\":\"setFCV\"}}\n","stream":"stdout"}
1970-01-01T00:33:43+00:00	docker.logs	{"log":"{\"t\":{\"$date\":\"2023-02-21T04:21:47.155+00:00\"},\"s\":\"I\",  \"c\":\"NETWORK\",  \"id\":4915702, \"ctx\":\"initandlisten\",\"msg\":\"Updated wire specification\",\"attr\":{\"oldSpec\":{\"incomingExternalClient\":{\"minWireVersion\":0,\"maxWireVersion\":17},\"incomingInternalClient\":{\"minWireVersion\":0,\"maxWireVersion\":17},\"outgoing\":{\"minWireVersion\":6,\"maxWireVersion\":17},\"isInternalClient\":true},\"newSpec\":{\"incomingExternalClient\":{\"minWireVersion\":0,\"maxWireVersion\":17},\"incomingInternalClient\":{\"minWireVersion\":17,\"maxWireVersion\":17},\"outgoing\":{\"minWireVersion\":17,\"maxWireVersion\":17},\"isInternalClient\":true}}}\n","stream":"stdout"}
1970-01-01T00:33:43+00:00	docker.logs	{"log":"{\"t\":{\"$date\":\"2023-02-21T04:21:47.156+00:00\"},\"s\":\"I\",  \"c\":\"NETWORK\",  \"id\":4915702, \"ctx\":\"initandlisten\",\"msg\":\"Updated wire specification\",\"attr\":{\"oldSpec\":{\"incomingExternalClient\":{\"minWireVersion\":0,\"maxWireVersion\":17},\"incomingInternalClient\":{\"minWireVersion\":17,\"maxWireVersion\":17},\"outgoing\":{\"minWireVersion\":17,\"maxWireVersion\":17},\"isInternalClient\":true},\"newSpec\":{\"incomingExternalClient\":{\"minWireVersion\":0,\"maxWireVersion\":17},\"incomingInternalClient\":{\"minWireVersion\":17,\"maxWireVersion\":17},\"outgoing\":{\"minWireVersion\":17,\"maxWireVersion\":17},\"isInternalClient\":true}}}\n","stream":"stdout"}
1970-01-01T00:33:43+00:00	docker.logs	{"log":"{\"t\":{\"$date\":\"2023-02-21T04:21:47.156+00:00\"},\"s\":\"I\",  \"c\":\"REPL\",     \"id\":5853300, \"ctx\":\"initandlisten\",\"msg\":\"current featureCompatibilityVersion value\",\"attr\":{\"featureCompatibilityVersion\":\"6.0\",\"context\":\"startup\"}}\n","stream":"stdout"}
1970-01-01T00:33:43+00:00	docker.logs	{"log":"{\"t\":{\"$date\":\"2023-02-21T04:21:47.157+00:00\"},\"s\":\"I\",  \"c\":\"STORAGE\",  \"id\":5071100, \"ctx\":\"initandlisten\",\"msg\":\"Clearing temp directory\"}\n","stream":"stdout"}
1970-01-01T00:33:43+00:00	docker.logs	{"log":"{\"t\":{\"$date\":\"2023-02-21T04:21:47.157+00:00\"},\"s\":\"I\",  \"c\":\"CONTROL\",  \"id\":20536,   \"ctx\":\"initandlisten\",\"msg\":\"Flow Control is enabled on this deployment\"}\n","stream":"stdout"}
1970-01-01T00:33:43+00:00	docker.logs	{"log":"{\"t\":{\"$date\":\"2023-02-21T04:21:47.160+00:00\"},\"s\":\"I\",  \"c\":\"FTDC\",     \"id\":20625,   \"ctx\":\"initandlisten\",\"msg\":\"Initializing full-time diagnostic data capture\",\"attr\":{\"dataDirectory\":\"/data/db/diagnostic.data\"}}\n","stream":"stdout"}
1970-01-01T00:33:43+00:00	docker.logs	{"log":"{\"t\":{\"$date\":\"2023-02-21T04:21:47.165+00:00\"},\"s\":\"I\",  \"c\":\"STORAGE\",  \"id\":20320,   \"ctx\":\"initandlisten\",\"msg\":\"createCollection\",\"attr\":{\"namespace\":\"local.startup_log\",\"uuidDisposition\":\"generated\",\"uuid\":{\"uuid\":{\"$uuid\":\"3a41a957-03ff-43ca-81a0-d00956a0af6b\"}},\"options\":{\"capped\":true,\"size\":10485760}}}\n","stream":"stdout"}
1970-01-01T00:33:43+00:00	docker.logs	{"log":"{\"t\":{\"$date\":\"2023-02-21T04:21:47.184+00:00\"},\"s\":\"I\",  \"c\":\"INDEX\",    \"id\":20345,   \"ctx\":\"initandlisten\",\"msg\":\"Index build: done building\",\"attr\":{\"buildUUID\":null,\"collectionUUID\":{\"uuid\":{\"$uuid\":\"3a41a957-03ff-43ca-81a0-d00956a0af6b\"}},\"namespace\":\"local.startup_log\",\"index\":\"_id_\",\"ident\":\"index-3-2747709118461791081\",\"collectionIdent\":\"collection-2-2747709118461791081\",\"commitTimestamp\":null}}\n","stream":"stdout"}
1970-01-01T00:33:43+00:00	docker.logs	{"log":"{\"t\":{\"$date\":\"2023-02-21T04:21:47.185+00:00\"},\"s\":\"I\",  \"c\":\"REPL\",     \"id\":6015317, \"ctx\":\"initandlisten\",\"msg\":\"Setting new configuration state\",\"attr\":{\"newState\":\"ConfigReplicationDisabled\",\"oldState\":\"ConfigPreStart\"}}\n","stream":"stdout"}
1970-01-01T00:33:43+00:00	docker.logs	{"log":"{\"t\":{\"$date\":\"2023-02-21T04:21:47.185+00:00\"},\"s\":\"I\",  \"c\":\"STORAGE\",  \"id\":22262,   \"ctx\":\"initandlisten\",\"msg\":\"Timestamp monitor starting\"}\n","stream":"stdout"}
1970-01-01T00:33:43+00:00	docker.logs	{"log":"{\"t\":{\"$date\":\"2023-02-21T04:21:47.187+00:00\"},\"s\":\"I\",  \"c\":\"NETWORK\",  \"id\":23015,   \"ctx\":\"listener\",\"msg\":\"Listening on\",\"attr\":{\"address\":\"/tmp/mongodb-27017.sock\"}}\n","stream":"stdout"}
1970-01-01T00:33:43+00:00	docker.logs	{"log":"{\"t\":{\"$date\":\"2023-02-21T04:21:47.187+00:00\"},\"s\":\"I\",  \"c\":\"NETWORK\",  \"id\":23015,   \"ctx\":\"listener\",\"msg\":\"Listening on\",\"attr\":{\"address\":\"0.0.0.0\"}}\n","stream":"stdout"}
1970-01-01T00:33:43+00:00	docker.logs	{"log":"{\"t\":{\"$date\":\"2023-02-21T04:21:47.187+00:00\"},\"s\":\"I\",  \"c\":\"NETWORK\",  \"id\":23016,   \"ctx\":\"listener\",\"msg\":\"Waiting for connections\",\"attr\":{\"port\":27017,\"ssl\":\"off\"}}\n","stream":"stdout"}
1970-01-01T00:33:43+00:00	docker.logs	{"log":"{\"t\":{\"$date\":\"2023-02-21T04:21:47.190+00:00\"},\"s\":\"I\",  \"c\":\"CONTROL\",  \"id\":20712,   \"ctx\":\"LogicalSessionCacheReap\",\"msg\":\"Sessions collection is not set up; waiting until next sessions reap interval\",\"attr\":{\"error\":\"NamespaceNotFound: config.system.sessions does not exist\"}}\n","stream":"stdout"}
1970-01-01T00:33:43+00:00	docker.logs	{"log":"{\"t\":{\"$date\":\"2023-02-21T04:21:47.191+00:00\"},\"s\":\"I\",  \"c\":\"STORAGE\",  \"id\":20320,   \"ctx\":\"LogicalSessionCacheRefresh\",\"msg\":\"createCollection\",\"attr\":{\"namespace\":\"config.system.sessions\",\"uuidDisposition\":\"generated\",\"uuid\":{\"uuid\":{\"$uuid\":\"a45dd275-db30-40a5-9be6-f9337ecd7850\"}},\"options\":{}}}\n","stream":"stdout"}
1970-01-01T00:33:43+00:00	docker.logs	{"log":"{\"t\":{\"$date\":\"2023-02-21T04:21:47.219+00:00\"},\"s\":\"I\",  \"c\":\"INDEX\",    \"id\":20345,   \"ctx\":\"LogicalSessionCacheRefresh\",\"msg\":\"Index build: done building\",\"attr\":{\"buildUUID\":null,\"collectionUUID\":{\"uuid\":{\"$uuid\":\"a45dd275-db30-40a5-9be6-f9337ecd7850\"}},\"namespace\":\"config.system.sessions\",\"index\":\"_id_\",\"ident\":\"index-5-2747709118461791081\",\"collectionIdent\":\"collection-4-2747709118461791081\",\"commitTimestamp\":null}}\n","stream":"stdout"}
1970-01-01T00:33:43+00:00	docker.logs	{"log":"{\"t\":{\"$date\":\"2023-02-21T04:21:47.219+00:00\"},\"s\":\"I\",  \"c\":\"INDEX\",    \"id\":20345,   \"ctx\":\"LogicalSessionCacheRefresh\",\"msg\":\"Index build: done building\",\"attr\":{\"buildUUID\":null,\"collectionUUID\":{\"uuid\":{\"$uuid\":\"a45dd275-db30-40a5-9be6-f9337ecd7850\"}},\"namespace\":\"config.system.sessions\",\"index\":\"lsidTTLIndex\",\"ident\":\"index-6-2747709118461791081\",\"collectionIdent\":\"collection-4-2747709118461791081\",\"commitTimestamp\":null}}\n","stream":"stdout"}
1970-01-01T00:33:43+00:00	docker.logs	{"log":"{\"t\":{\"$date\":\"2023-02-21T04:21:47.873+00:00\"},\"s\":\"I\",  \"c\":\"NETWORK\",  \"id\":22943,   \"ctx\":\"listener\",\"msg\":\"Connection accepted\",\"attr\":{\"remote\":\"172.21.0.3:35542\",\"uuid\":\"99244dd1-e1a2-499b-8324-72691cd73653\",\"connectionId\":1,\"connectionCount\":1}}\n","stream":"stdout"}
1970-01-01T00:33:43+00:00	docker.logs	{"log":"{\"t\":{\"$date\":\"2023-02-21T04:21:47.880+00:00\"},\"s\":\"I\",  \"c\":\"NETWORK\",  \"id\":51800,   \"ctx\":\"conn1\",\"msg\":\"client metadata\",\"attr\":{\"remote\":\"172.21.0.3:35542\",\"client\":\"conn1\",\"doc\":{\"driver\":{\"name\":\"nodejs|Mongoose\",\"version\":\"4.7.0\"},\"os\":{\"type\":\"Linux\",\"name\":\"linux\",\"architecture\":\"x64\",\"version\":\"5.15.79.1-microsoft-standard-WSL2\"},\"platform\":\"Node.js v19.6.1, LE (unified)\",\"version\":\"4.7.0|6.4.6\"}}}\n","stream":"stdout"}
1970-01-01T00:33:43+00:00	docker.logs	{"log":"{\"t\":{\"$date\":\"2023-02-21T04:21:47.891+00:00\"},\"s\":\"I\",  \"c\":\"NETWORK\",  \"id\":22943,   \"ctx\":\"listener\",\"msg\":\"Connection accepted\",\"attr\":{\"remote\":\"172.21.0.3:35552\",\"uuid\":\"282d089f-459f-4513-8667-a79423a26051\",\"connectionId\":2,\"connectionCount\":2}}\n","stream":"stdout"}
1970-01-01T00:33:43+00:00	docker.logs	{"log":"{\"t\":{\"$date\":\"2023-02-21T04:21:47.892+00:00\"},\"s\":\"I\",  \"c\":\"NETWORK\",  \"id\":51800,   \"ctx\":\"conn2\",\"msg\":\"client metadata\",\"attr\":{\"remote\":\"172.21.0.3:35552\",\"client\":\"conn2\",\"doc\":{\"driver\":{\"name\":\"nodejs|Mongoose\",\"version\":\"4.7.0\"},\"os\":{\"type\":\"Linux\",\"name\":\"linux\",\"architecture\":\"x64\",\"version\":\"5.15.79.1-microsoft-standard-WSL2\"},\"platform\":\"Node.js v19.6.1, LE (unified)\",\"version\":\"4.7.0|6.4.6\"}}}\n","stream":"stdout"}
1970-01-01T00:33:43+00:00	docker.logs	{"log":"{\"t\":{\"$date\":\"2023-02-21T04:21:47.895+00:00\"},\"s\":\"I\",  \"c\":\"STORAGE\",  \"id\":20320,   \"ctx\":\"conn2\",\"msg\":\"createCollection\",\"attr\":{\"namespace\":\"funWithDocker.dockercommands\",\"uuidDisposition\":\"generated\",\"uuid\":{\"uuid\":{\"$uuid\":\"ffa6c3a1-be1e-408c-9263-ff97563f1ec3\"}},\"options\":{}}}\n","stream":"stdout"}
1970-01-01T00:33:43+00:00	docker.logs	{"log":"{\"t\":{\"$date\":\"2023-02-21T04:21:47.922+00:00\"},\"s\":\"I\",  \"c\":\"INDEX\",    \"id\":20345,   \"ctx\":\"conn2\",\"msg\":\"Index build: done building\",\"attr\":{\"buildUUID\":null,\"collectionUUID\":{\"uuid\":{\"$uuid\":\"ffa6c3a1-be1e-408c-9263-ff97563f1ec3\"}},\"namespace\":\"funWithDocker.dockercommands\",\"index\":\"_id_\",\"ident\":\"index-8-2747709118461791081\",\"collectionIdent\":\"collection-7-2747709118461791081\",\"commitTimestamp\":null}}\n","stream":"stdout"}
1970-01-01T00:33:43+00:00	docker.logs	{"log":"{\"t\":{\"$date\":\"2023-02-21T04:21:58.397+00:00\"},\"s\":\"I\",  \"c\":\"NETWORK\",  \"id\":22943,   \"ctx\":\"listener\",\"msg\":\"Connection accepted\",\"attr\":{\"remote\":\"172.21.0.3:44684\",\"uuid\":\"6f0b5607-f383-4a70-9181-4155b29624c9\",\"connectionId\":3,\"connectionCount\":3}}\n","stream":"stdout"}
1970-01-01T00:33:43+00:00	docker.logs	{"log":"{\"t\":{\"$date\":\"2023-02-21T04:21:58.398+00:00\"},\"s\":\"I\",  \"c\":\"NETWORK\",  \"id\":51800,   \"ctx\":\"conn3\",\"msg\":\"client metadata\",\"attr\":{\"remote\":\"172.21.0.3:44684\",\"client\":\"conn3\",\"doc\":{\"driver\":{\"name\":\"nodejs|Mongoose\",\"version\":\"4.7.0\"},\"os\":{\"type\":\"Linux\",\"name\":\"linux\",\"architecture\":\"x64\",\"version\":\"5.15.79.1-microsoft-standard-WSL2\"},\"platform\":\"Node.js v19.6.1, LE (unified)\",\"version\":\"4.7.0|6.4.6\"}}}\n","stream":"stdout"}
1970-01-01T00:33:43+00:00	docker.logs	{"log":"{\"t\":{\"$date\":\"2023-02-21T04:22:52.062+00:00\"},\"s\":\"I\",  \"c\":\"-\",        \"id\":20883,   \"ctx\":\"conn1\",\"msg\":\"Interrupted operation as its client disconnected\",\"attr\":{\"opId\":782}}\n","stream":"stdout"}
1970-01-01T00:33:43+00:00	docker.logs	{"log":"{\"t\":{\"$date\":\"2023-02-21T04:22:52.062+00:00\"},\"s\":\"I\",  \"c\":\"NETWORK\",  \"id\":22944,   \"ctx\":\"conn2\",\"msg\":\"Connection ended\",\"attr\":{\"remote\":\"172.21.0.3:35552\",\"uuid\":\"282d089f-459f-4513-8667-a79423a26051\",\"connectionId\":2,\"connectionCount\":1}}\n","stream":"stdout"}
1970-01-01T00:33:43+00:00	docker.logs	{"log":"{\"t\":{\"$date\":\"2023-02-21T04:22:52.062+00:00\"},\"s\":\"I\",  \"c\":\"NETWORK\",  \"id\":22944,   \"ctx\":\"conn3\",\"msg\":\"Connection ended\",\"attr\":{\"remote\":\"172.21.0.3:44684\",\"uuid\":\"6f0b5607-f383-4a70-9181-4155b29624c9\",\"connectionId\":3,\"connectionCount\":2}}\n","stream":"stdout"}
1970-01-01T00:33:43+00:00	docker.logs	{"log":"{\"t\":{\"$date\":\"2023-02-21T04:22:52.063+00:00\"},\"s\":\"I\",  \"c\":\"NETWORK\",  \"id\":22944,   \"ctx\":\"conn1\",\"msg\":\"Connection ended\",\"attr\":{\"remote\":\"172.21.0.3:35542\",\"uuid\":\"99244dd1-e1a2-499b-8324-72691cd73653\",\"connectionId\":1,\"connectionCount\":0}}\n","stream":"stdout"}
1970-01-01T00:33:43+00:00	docker.logs	{"log":"{\"t\":{\"$date\":\"2023-02-21T04:26:06.248+00:00\"},\"s\":\"I\",  \"c\":\"NETWORK\",  \"id\":22943,   \"ctx\":\"listener\",\"msg\":\"Connection accepted\",\"attr\":{\"remote\":\"172.21.0.3:40958\",\"uuid\":\"4daf6ff0-3d50-489b-a37b-3762f1550c75\",\"connectionId\":4,\"connectionCount\":1}}\n","stream":"stdout"}
1970-01-01T00:33:43+00:00	docker.logs	{"log":"{\"t\":{\"$date\":\"2023-02-21T04:26:06.258+00:00\"},\"s\":\"I\",  \"c\":\"NETWORK\",  \"id\":51800,   \"ctx\":\"conn4\",\"msg\":\"client metadata\",\"attr\":{\"remote\":\"172.21.0.3:40958\",\"client\":\"conn4\",\"doc\":{\"driver\":{\"name\":\"nodejs|Mongoose\",\"version\":\"4.7.0\"},\"os\":{\"type\":\"Linux\",\"name\":\"linux\",\"architecture\":\"x64\",\"version\":\"5.15.79.1-microsoft-standard-WSL2\"},\"platform\":\"Node.js v19.6.1, LE (unified)\",\"version\":\"4.7.0|6.4.6\"}}}\n","stream":"stdout"}
1970-01-01T00:33:43+00:00	docker.logs	{"log":"{\"t\":{\"$date\":\"2023-02-21T04:26:06.270+00:00\"},\"s\":\"I\",  \"c\":\"NETWORK\",  \"id\":22943,   \"ctx\":\"listener\",\"msg\":\"Connection accepted\",\"attr\":{\"remote\":\"172.21.0.3:40962\",\"uuid\":\"0f50b734-33bf-44ec-a07e-10641491382b\",\"connectionId\":5,\"connectionCount\":2}}\n","stream":"stdout"}
1970-01-01T00:33:43+00:00	docker.logs	{"log":"{\"t\":{\"$date\":\"2023-02-21T04:26:06.271+00:00\"},\"s\":\"I\",  \"c\":\"NETWORK\",  \"id\":51800,   \"ctx\":\"conn5\",\"msg\":\"client metadata\",\"attr\":{\"remote\":\"172.21.0.3:40962\",\"client\":\"conn5\",\"doc\":{\"driver\":{\"name\":\"nodejs|Mongoose\",\"version\":\"4.7.0\"},\"os\":{\"type\":\"Linux\",\"name\":\"linux\",\"architecture\":\"x64\",\"version\":\"5.15.79.1-microsoft-standard-WSL2\"},\"platform\":\"Node.js v19.6.1, LE (unified)\",\"version\":\"4.7.0|6.4.6\"}}}\n","stream":"stdout"}
1970-01-01T00:33:43+00:00	docker.logs	{"log":"{\"t\":{\"$date\":\"2023-02-21T04:26:16.777+00:00\"},\"s\":\"I\",  \"c\":\"NETWORK\",  \"id\":22943,   \"ctx\":\"listener\",\"msg\":\"Connection accepted\",\"attr\":{\"remote\":\"172.21.0.3:58182\",\"uuid\":\"ab173a74-11bc-4ac1-ad23-8cc25300bc65\",\"connectionId\":6,\"connectionCount\":3}}\n","stream":"stdout"}
1970-01-01T00:33:43+00:00	docker.logs	{"log":"{\"t\":{\"$date\":\"2023-02-21T04:26:16.778+00:00\"},\"s\":\"I\",  \"c\":\"NETWORK\",  \"id\":51800,   \"ctx\":\"conn6\",\"msg\":\"client metadata\",\"attr\":{\"remote\":\"172.21.0.3:58182\",\"client\":\"conn6\",\"doc\":{\"driver\":{\"name\":\"nodejs|Mongoose\",\"version\":\"4.7.0\"},\"os\":{\"type\":\"Linux\",\"name\":\"linux\",\"architecture\":\"x64\",\"version\":\"5.15.79.1-microsoft-standard-WSL2\"},\"platform\":\"Node.js v19.6.1, LE (unified)\",\"version\":\"4.7.0|6.4.6\"}}}\n","stream":"stdout"}
1970-01-01T00:33:43+00:00	docker.logs	{"log":"{\"t\":{\"$date\":\"2023-02-21T04:50:32.671+00:00\"},\"s\":\"I\",  \"c\":\"NETWORK\",  \"id\":22943,   \"ctx\":\"listener\",\"msg\":\"Connection accepted\",\"attr\":{\"remote\":\"172.21.0.3:33584\",\"uuid\":\"008a558d-9e3a-4f70-923f-a24363ed6c0f\",\"connectionId\":7,\"connectionCount\":4}}\n","stream":"stdout"}
1970-01-01T00:33:43+00:00	docker.logs	{"log":"{\"t\":{\"$date\":\"2023-02-21T04:50:32.677+00:00\"},\"s\":\"I\",  \"c\":\"NETWORK\",  \"id\":51800,   \"ctx\":\"conn7\",\"msg\":\"client metadata\",\"attr\":{\"remote\":\"172.21.0.3:33584\",\"client\":\"conn7\",\"doc\":{\"driver\":{\"name\":\"nodejs|Mongoose\",\"version\":\"4.7.0\"},\"os\":{\"type\":\"Linux\",\"name\":\"linux\",\"architecture\":\"x64\",\"version\":\"5.15.79.1-microsoft-standard-WSL2\"},\"platform\":\"Node.js v19.6.1, LE (unified)\",\"version\":\"4.7.0|6.4.6\"}}}\n","stream":"stdout"}
1970-01-01T00:33:43+00:00	docker.logs	{"log":"{\"t\":{\"$date\":\"2023-02-21T04:50:32.694+00:00\"},\"s\":\"I\",  \"c\":\"NETWORK\",  \"id\":22943,   \"ctx\":\"listener\",\"msg\":\"Connection accepted\",\"attr\":{\"remote\":\"172.21.0.3:33594\",\"uuid\":\"f6ff82ba-0aee-45e6-a81d-1e2d82c2d561\",\"connectionId\":8,\"connectionCount\":5}}\n","stream":"stdout"}
1970-01-01T00:33:43+00:00	docker.logs	{"log":"{\"t\":{\"$date\":\"2023-02-21T04:50:32.694+00:00\"},\"s\":\"I\",  \"c\":\"NETWORK\",  \"id\":22943,   \"ctx\":\"listener\",\"msg\":\"Connection accepted\",\"attr\":{\"remote\":\"172.21.0.3:33608\",\"uuid\":\"6c554b83-719c-4c63-86e2-6a2d8fe09055\",\"connectionId\":9,\"connectionCount\":6}}\n","stream":"stdout"}
1970-01-01T00:33:43+00:00	docker.logs	{"log":"{\"t\":{\"$date\":\"2023-02-21T04:50:32.694+00:00\"},\"s\":\"I\",  \"c\":\"NETWORK\",  \"id\":51800,   \"ctx\":\"conn8\",\"msg\":\"client metadata\",\"attr\":{\"remote\":\"172.21.0.3:33594\",\"client\":\"conn8\",\"doc\":{\"driver\":{\"name\":\"nodejs|Mongoose\",\"version\":\"4.7.0\"},\"os\":{\"type\":\"Linux\",\"name\":\"linux\",\"architecture\":\"x64\",\"version\":\"5.15.79.1-microsoft-standard-WSL2\"},\"platform\":\"Node.js v19.6.1, LE (unified)\",\"version\":\"4.7.0|6.4.6\"}}}\n","stream":"stdout"}
1970-01-01T00:33:43+00:00	docker.logs	{"log":"{\"t\":{\"$date\":\"2023-02-21T04:50:32.695+00:00\"},\"s\":\"I\",  \"c\":\"NETWORK\",  \"id\":51800,   \"ctx\":\"conn9\",\"msg\":\"client metadata\",\"attr\":{\"remote\":\"172.21.0.3:33608\",\"client\":\"conn9\",\"doc\":{\"driver\":{\"name\":\"nodejs|Mongoose\",\"version\":\"4.7.0\"},\"os\":{\"type\":\"Linux\",\"name\":\"linux\",\"architecture\":\"x64\",\"version\":\"5.15.79.1-microsoft-standard-WSL2\"},\"platform\":\"Node.js v19.6.1, LE (unified)\",\"version\":\"4.7.0|6.4.6\"}}}\n","stream":"stdout"}
1970-01-01T00:33:43+00:00	docker.logs	{"log":"{\"t\":{\"$date\":\"2023-02-21T04:50:32.699+00:00\"},\"s\":\"I\",  \"c\":\"NETWORK\",  \"id\":22943,   \"ctx\":\"listener\",\"msg\":\"Connection accepted\",\"attr\":{\"remote\":\"172.21.0.3:33618\",\"uuid\":\"345e17e2-6d4d-430f-9a77-973a1bdcfff5\",\"connectionId\":10,\"connectionCount\":7}}\n","stream":"stdout"}
1970-01-01T00:33:43+00:00	docker.logs	{"log":"{\"t\":{\"$date\":\"2023-02-21T04:50:32.704+00:00\"},\"s\":\"I\",  \"c\":\"NETWORK\",  \"id\":51800,   \"ctx\":\"conn10\",\"msg\":\"client metadata\",\"attr\":{\"remote\":\"172.21.0.3:33618\",\"client\":\"conn10\",\"doc\":{\"driver\":{\"name\":\"nodejs|Mongoose\",\"version\":\"4.7.0\"},\"os\":{\"type\":\"Linux\",\"name\":\"linux\",\"architecture\":\"x64\",\"version\":\"5.15.79.1-microsoft-standard-WSL2\"},\"platform\":\"Node.js v19.6.1, LE (unified)\",\"version\":\"4.7.0|6.4.6\"}}}\n","stream":"stdout"}
1970-01-01T00:33:43+00:00	docker.logs	{"log":"{\"t\":{\"$date\":\"2023-02-21T04:50:35.284+00:00\"},\"s\":\"I\",  \"c\":\"-\",        \"id\":20883,   \"ctx\":\"conn7\",\"msg\":\"Interrupted operation as its client disconnected\",\"attr\":{\"opId\":21626}}\n","stream":"stdout"}
1970-01-01T00:33:43+00:00	docker.logs	{"log":"{\"t\":{\"$date\":\"2023-02-21T04:50:35.284+00:00\"},\"s\":\"I\",  \"c\":\"NETWORK\",  \"id\":22944,   \"ctx\":\"conn8\",\"msg\":\"Connection ended\",\"attr\":{\"remote\":\"172.21.0.3:33594\",\"uuid\":\"f6ff82ba-0aee-45e6-a81d-1e2d82c2d561\",\"connectionId\":8,\"connectionCount\":6}}\n","stream":"stdout"}
1970-01-01T00:33:43+00:00	docker.logs	{"log":"{\"t\":{\"$date\":\"2023-02-21T04:50:35.284+00:00\"},\"s\":\"I\",  \"c\":\"NETWORK\",  \"id\":22944,   \"ctx\":\"conn10\",\"msg\":\"Connection ended\",\"attr\":{\"remote\":\"172.21.0.3:33618\",\"uuid\":\"345e17e2-6d4d-430f-9a77-973a1bdcfff5\",\"connectionId\":10,\"connectionCount\":5}}\n","stream":"stdout"}
1970-01-01T00:33:43+00:00	docker.logs	{"log":"{\"t\":{\"$date\":\"2023-02-21T04:50:35.284+00:00\"},\"s\":\"I\",  \"c\":\"NETWORK\",  \"id\":22944,   \"ctx\":\"conn9\",\"msg\":\"Connection ended\",\"attr\":{\"remote\":\"172.21.0.3:33608\",\"uuid\":\"6c554b83-719c-4c63-86e2-6a2d8fe09055\",\"connectionId\":9,\"connectionCount\":4}}\n","stream":"stdout"}
1970-01-01T00:33:43+00:00	docker.logs	{"log":"{\"t\":{\"$date\":\"2023-02-21T04:50:35.284+00:00\"},\"s\":\"I\",  \"c\":\"NETWORK\",  \"id\":22944,   \"ctx\":\"conn7\",\"msg\":\"Connection ended\",\"attr\":{\"remote\":\"172.21.0.3:33584\",\"uuid\":\"008a558d-9e3a-4f70-923f-a24363ed6c0f\",\"connectionId\":7,\"connectionCount\":3}}\n","stream":"stdout"}
1970-01-01T00:33:43+00:00	docker.logs	{"log":"{\"t\":{\"$date\":\"2023-02-21T05:24:19.017+00:00\"},\"s\":\"I\",  \"c\":\"-\",        \"id\":20883,   \"ctx\":\"conn4\",\"msg\":\"Interrupted operation as its client disconnected\",\"attr\":{\"opId\":46921}}\n","stream":"stdout"}
1970-01-01T00:33:43+00:00	docker.logs	{"log":"{\"t\":{\"$date\":\"2023-02-21T05:24:19.017+00:00\"},\"s\":\"I\",  \"c\":\"NETWORK\",  \"id\":22944,   \"ctx\":\"conn6\",\"msg\":\"Connection ended\",\"attr\":{\"remote\":\"172.21.0.3:58182\",\"uuid\":\"ab173a74-11bc-4ac1-ad23-8cc25300bc65\",\"connectionId\":6,\"connectionCount\":2}}\n","stream":"stdout"}
1970-01-01T00:33:43+00:00	docker.logs	{"log":"{\"t\":{\"$date\":\"2023-02-21T05:24:19.017+00:00\"},\"s\":\"I\",  \"c\":\"NETWORK\",  \"id\":22944,   \"ctx\":\"conn5\",\"msg\":\"Connection ended\",\"attr\":{\"remote\":\"172.21.0.3:40962\",\"uuid\":\"0f50b734-33bf-44ec-a07e-10641491382b\",\"connectionId\":5,\"connectionCount\":1}}\n","stream":"stdout"}
1970-01-01T00:33:43+00:00	docker.logs	{"log":"{\"t\":{\"$date\":\"2023-02-21T05:24:19.017+00:00\"},\"s\":\"I\",  \"c\":\"NETWORK\",  \"id\":22944,   \"ctx\":\"conn4\",\"msg\":\"Connection ended\",\"attr\":{\"remote\":\"172.21.0.3:40958\",\"uuid\":\"4daf6ff0-3d50-489b-a37b-3762f1550c75\",\"connectionId\":4,\"connectionCount\":0}}\n","stream":"stdout"}
1970-01-01T00:33:43+00:00	docker.logs	{"log":"{\"t\":{\"$date\":\"2023-02-21T05:24:20.038+00:00\"},\"s\":\"I\",  \"c\":\"CONTROL\",  \"id\":23377,   \"ctx\":\"SignalHandler\",\"msg\":\"Received signal\",\"attr\":{\"signal\":15,\"error\":\"Terminated\"}}\n","stream":"stdout"}
1970-01-01T00:33:43+00:00	docker.logs	{"log":"{\"t\":{\"$date\":\"2023-02-21T05:24:20.038+00:00\"},\"s\":\"I\",  \"c\":\"CONTROL\",  \"id\":23378,   \"ctx\":\"SignalHandler\",\"msg\":\"Signal was sent by kill(2)\",\"attr\":{\"pid\":0,\"uid\":0}}\n","stream":"stdout"}
1970-01-01T00:33:43+00:00	docker.logs	{"log":"{\"t\":{\"$date\":\"2023-02-21T05:24:20.038+00:00\"},\"s\":\"I\",  \"c\":\"CONTROL\",  \"id\":23381,   \"ctx\":\"SignalHandler\",\"msg\":\"will terminate after current cmd ends\"}\n","stream":"stdout"}
1970-01-01T00:33:43+00:00	docker.logs	{"log":"{\"t\":{\"$date\":\"2023-02-21T05:24:20.039+00:00\"},\"s\":\"I\",  \"c\":\"REPL\",     \"id\":4784900, \"ctx\":\"SignalHandler\",\"msg\":\"Stepping down the ReplicationCoordinator for shutdown\",\"attr\":{\"waitTimeMillis\":15000}}\n","stream":"stdout"}
1970-01-01T00:33:43+00:00	docker.logs	{"log":"{\"t\":{\"$date\":\"2023-02-21T05:24:20.040+00:00\"},\"s\":\"I\",  \"c\":\"REPL\",     \"id\":4794602, \"ctx\":\"SignalHandler\",\"msg\":\"Attempting to enter quiesce mode\"}\n","stream":"stdout"}
1970-01-01T00:33:43+00:00	docker.logs	{"log":"{\"t\":{\"$date\":\"2023-02-21T05:24:20.040+00:00\"},\"s\":\"I\",  \"c\":\"-\",        \"id\":6371601, \"ctx\":\"SignalHandler\",\"msg\":\"Shutting down the FLE Crud thread pool\"}\n","stream":"stdout"}
1970-01-01T00:33:43+00:00	docker.logs	{"log":"{\"t\":{\"$date\":\"2023-02-21T05:24:20.040+00:00\"},\"s\":\"I\",  \"c\":\"COMMAND\",  \"id\":4784901, \"ctx\":\"SignalHandler\",\"msg\":\"Shutting down the MirrorMaestro\"}\n","stream":"stdout"}
1970-01-01T00:33:43+00:00	docker.logs	{"log":"{\"t\":{\"$date\":\"2023-02-21T05:24:20.040+00:00\"},\"s\":\"I\",  \"c\":\"SHARDING\", \"id\":4784902, \"ctx\":\"SignalHandler\",\"msg\":\"Shutting down the WaitForMajorityService\"}\n","stream":"stdout"}
1970-01-01T00:33:43+00:00	docker.logs	{"log":"{\"t\":{\"$date\":\"2023-02-21T05:24:20.041+00:00\"},\"s\":\"I\",  \"c\":\"CONTROL\",  \"id\":4784903, \"ctx\":\"SignalHandler\",\"msg\":\"Shutting down the LogicalSessionCache\"}\n","stream":"stdout"}
1970-01-01T00:33:43+00:00	docker.logs	{"log":"{\"t\":{\"$date\":\"2023-02-21T05:24:20.042+00:00\"},\"s\":\"I\",  \"c\":\"NETWORK\",  \"id\":20562,   \"ctx\":\"SignalHandler\",\"msg\":\"Shutdown: going to close listening sockets\"}\n","stream":"stdout"}
1970-01-01T00:33:43+00:00	docker.logs	{"log":"{\"t\":{\"$date\":\"2023-02-21T05:24:20.042+00:00\"},\"s\":\"I\",  \"c\":\"NETWORK\",  \"id\":23017,   \"ctx\":\"listener\",\"msg\":\"removing socket file\",\"attr\":{\"path\":\"/tmp/mongodb-27017.sock\"}}\n","stream":"stdout"}
1970-01-01T00:33:43+00:00	docker.logs	{"log":"{\"t\":{\"$date\":\"2023-02-21T05:24:20.043+00:00\"},\"s\":\"I\",  \"c\":\"NETWORK\",  \"id\":4784905, \"ctx\":\"SignalHandler\",\"msg\":\"Shutting down the global connection pool\"}\n","stream":"stdout"}
1970-01-01T00:33:43+00:00	docker.logs	{"log":"{\"t\":{\"$date\":\"2023-02-21T05:24:20.043+00:00\"},\"s\":\"I\",  \"c\":\"CONTROL\",  \"id\":4784906, \"ctx\":\"SignalHandler\",\"msg\":\"Shutting down the FlowControlTicketholder\"}\n","stream":"stdout"}
1970-01-01T00:33:43+00:00	docker.logs	{"log":"{\"t\":{\"$date\":\"2023-02-21T05:24:20.043+00:00\"},\"s\":\"I\",  \"c\":\"-\",        \"id\":20520,   \"ctx\":\"SignalHandler\",\"msg\":\"Stopping further Flow Control ticket acquisitions.\"}\n","stream":"stdout"}
1970-01-01T00:33:43+00:00	docker.logs	{"log":"{\"t\":{\"$date\":\"2023-02-21T05:24:20.043+00:00\"},\"s\":\"I\",  \"c\":\"CONTROL\",  \"id\":4784908, \"ctx\":\"SignalHandler\",\"msg\":\"Shutting down the PeriodicThreadToAbortExpiredTransactions\"}\n","stream":"stdout"}
1970-01-01T00:33:43+00:00	docker.logs	{"log":"{\"t\":{\"$date\":\"2023-02-21T05:24:20.043+00:00\"},\"s\":\"I\",  \"c\":\"REPL\",     \"id\":4784909, \"ctx\":\"SignalHandler\",\"msg\":\"Shutting down the ReplicationCoordinator\"}\n","stream":"stdout"}
1970-01-01T00:33:43+00:00	docker.logs	{"log":"{\"t\":{\"$date\":\"2023-02-21T05:24:20.044+00:00\"},\"s\":\"I\",  \"c\":\"SHARDING\", \"id\":4784910, \"ctx\":\"SignalHandler\",\"msg\":\"Shutting down the ShardingInitializationMongoD\"}\n","stream":"stdout"}
1970-01-01T00:33:43+00:00	docker.logs	{"log":"{\"t\":{\"$date\":\"2023-02-21T05:24:20.044+00:00\"},\"s\":\"I\",  \"c\":\"REPL\",     \"id\":4784911, \"ctx\":\"SignalHandler\",\"msg\":\"Enqueuing the ReplicationStateTransitionLock for shutdown\"}\n","stream":"stdout"}
1970-01-01T00:33:43+00:00	docker.logs	{"log":"{\"t\":{\"$date\":\"2023-02-21T05:24:20.044+00:00\"},\"s\":\"I\",  \"c\":\"-\",        \"id\":4784912, \"ctx\":\"SignalHandler\",\"msg\":\"Killing all operations for shutdown\"}\n","stream":"stdout"}
1970-01-01T00:33:43+00:00	docker.logs	{"log":"{\"t\":{\"$date\":\"2023-02-21T05:24:20.044+00:00\"},\"s\":\"I\",  \"c\":\"-\",        \"id\":4695300, \"ctx\":\"SignalHandler\",\"msg\":\"Interrupted all currently running operations\",\"attr\":{\"opsKilled\":3}}\n","stream":"stdout"}
1970-01-01T00:33:43+00:00	docker.logs	{"log":"{\"t\":{\"$date\":\"2023-02-21T05:24:20.044+00:00\"},\"s\":\"I\",  \"c\":\"TENANT_M\", \"id\":5093807, \"ctx\":\"SignalHandler\",\"msg\":\"Shutting down all TenantMigrationAccessBlockers on global shutdown\"}\n","stream":"stdout"}
1970-01-01T00:33:43+00:00	docker.logs	{"log":"{\"t\":{\"$date\":\"2023-02-21T05:24:20.044+00:00\"},\"s\":\"I\",  \"c\":\"COMMAND\",  \"id\":4784913, \"ctx\":\"SignalHandler\",\"msg\":\"Shutting down all open transactions\"}\n","stream":"stdout"}
1970-01-01T00:33:43+00:00	docker.logs	{"log":"{\"t\":{\"$date\":\"2023-02-21T05:24:20.044+00:00\"},\"s\":\"I\",  \"c\":\"REPL\",     \"id\":4784914, \"ctx\":\"SignalHandler\",\"msg\":\"Acquiring the ReplicationStateTransitionLock for shutdown\"}\n","stream":"stdout"}
1970-01-01T00:33:43+00:00	docker.logs	{"log":"{\"t\":{\"$date\":\"2023-02-21T05:24:20.044+00:00\"},\"s\":\"I\",  \"c\":\"INDEX\",    \"id\":4784915, \"ctx\":\"SignalHandler\",\"msg\":\"Shutting down the IndexBuildsCoordinator\"}\n","stream":"stdout"}
1970-01-01T00:33:43+00:00	docker.logs	{"log":"{\"t\":{\"$date\":\"2023-02-21T05:24:20.044+00:00\"},\"s\":\"I\",  \"c\":\"NETWORK\",  \"id\":4784918, \"ctx\":\"SignalHandler\",\"msg\":\"Shutting down the ReplicaSetMonitor\"}\n","stream":"stdout"}
1970-01-01T00:33:43+00:00	docker.logs	{"log":"{\"t\":{\"$date\":\"2023-02-21T05:24:20.044+00:00\"},\"s\":\"I\",  \"c\":\"SHARDING\", \"id\":4784921, \"ctx\":\"SignalHandler\",\"msg\":\"Shutting down the MigrationUtilExecutor\"}\n","stream":"stdout"}
1970-01-01T00:33:43+00:00	docker.logs	{"log":"{\"t\":{\"$date\":\"2023-02-21T05:24:20.045+00:00\"},\"s\":\"I\",  \"c\":\"ASIO\",     \"id\":22582,   \"ctx\":\"MigrationUtil-TaskExecutor\",\"msg\":\"Killing all outstanding egress activity.\"}\n","stream":"stdout"}
1970-01-01T00:33:43+00:00	docker.logs	{"log":"{\"t\":{\"$date\":\"2023-02-21T05:24:20.045+00:00\"},\"s\":\"I\",  \"c\":\"COMMAND\",  \"id\":4784923, \"ctx\":\"SignalHandler\",\"msg\":\"Shutting down the ServiceEntryPoint\"}\n","stream":"stdout"}
1970-01-01T00:33:43+00:00	docker.logs	{"log":"{\"t\":{\"$date\":\"2023-02-21T05:24:20.045+00:00\"},\"s\":\"I\",  \"c\":\"CONTROL\",  \"id\":4784925, \"ctx\":\"SignalHandler\",\"msg\":\"Shutting down free monitoring\"}\n","stream":"stdout"}
1970-01-01T00:33:43+00:00	docker.logs	{"log":"{\"t\":{\"$date\":\"2023-02-21T05:24:20.045+00:00\"},\"s\":\"I\",  \"c\":\"CONTROL\",  \"id\":20609,   \"ctx\":\"SignalHandler\",\"msg\":\"Shutting down free monitoring\"}\n","stream":"stdout"}
1970-01-01T00:33:43+00:00	docker.logs	{"log":"{\"t\":{\"$date\":\"2023-02-21T05:24:20.045+00:00\"},\"s\":\"I\",  \"c\":\"CONTROL\",  \"id\":4784927, \"ctx\":\"SignalHandler\",\"msg\":\"Shutting down the HealthLog\"}\n","stream":"stdout"}
1970-01-01T00:33:43+00:00	docker.logs	{"log":"{\"t\":{\"$date\":\"2023-02-21T05:24:20.046+00:00\"},\"s\":\"I\",  \"c\":\"CONTROL\",  \"id\":4784928, \"ctx\":\"SignalHandler\",\"msg\":\"Shutting down the TTL monitor\"}\n","stream":"stdout"}
1970-01-01T00:33:43+00:00	docker.logs	{"log":"{\"t\":{\"$date\":\"2023-02-21T05:24:20.046+00:00\"},\"s\":\"I\",  \"c\":\"INDEX\",    \"id\":3684100, \"ctx\":\"SignalHandler\",\"msg\":\"Shutting down TTL collection monitor thread\"}\n","stream":"stdout"}
1970-01-01T00:33:43+00:00	docker.logs	{"log":"{\"t\":{\"$date\":\"2023-02-21T05:24:20.046+00:00\"},\"s\":\"I\",  \"c\":\"INDEX\",    \"id\":3684101, \"ctx\":\"SignalHandler\",\"msg\":\"Finished shutting down TTL collection monitor thread\"}\n","stream":"stdout"}
1970-01-01T00:33:43+00:00	docker.logs	{"log":"{\"t\":{\"$date\":\"2023-02-21T05:24:20.046+00:00\"},\"s\":\"I\",  \"c\":\"CONTROL\",  \"id\":6278511, \"ctx\":\"SignalHandler\",\"msg\":\"Shutting down the Change Stream Expired Pre-images Remover\"}\n","stream":"stdout"}
1970-01-01T00:33:43+00:00	docker.logs	{"log":"{\"t\":{\"$date\":\"2023-02-21T05:24:20.046+00:00\"},\"s\":\"I\",  \"c\":\"CONTROL\",  \"id\":4784929, \"ctx\":\"SignalHandler\",\"msg\":\"Acquiring the global lock for shutdown\"}\n","stream":"stdout"}
1970-01-01T00:33:43+00:00	docker.logs	{"log":"{\"t\":{\"$date\":\"2023-02-21T05:24:20.046+00:00\"},\"s\":\"I\",  \"c\":\"CONTROL\",  \"id\":4784930, \"ctx\":\"SignalHandler\",\"msg\":\"Shutting down the storage engine\"}\n","stream":"stdout"}
1970-01-01T00:33:43+00:00	docker.logs	{"log":"{\"t\":{\"$date\":\"2023-02-21T05:24:20.046+00:00\"},\"s\":\"I\",  \"c\":\"STORAGE\",  \"id\":22320,   \"ctx\":\"SignalHandler\",\"msg\":\"Shutting down journal flusher thread\"}\n","stream":"stdout"}
1970-01-01T00:33:43+00:00	docker.logs	{"log":"{\"t\":{\"$date\":\"2023-02-21T05:24:20.046+00:00\"},\"s\":\"I\",  \"c\":\"STORAGE\",  \"id\":22321,   \"ctx\":\"SignalHandler\",\"msg\":\"Finished shutting down journal flusher thread\"}\n","stream":"stdout"}
1970-01-01T00:33:43+00:00	docker.logs	{"log":"{\"t\":{\"$date\":\"2023-02-21T05:24:20.046+00:00\"},\"s\":\"I\",  \"c\":\"STORAGE\",  \"id\":22322,   \"ctx\":\"SignalHandler\",\"msg\":\"Shutting down checkpoint thread\"}\n","stream":"stdout"}
1970-01-01T00:33:43+00:00	docker.logs	{"log":"{\"t\":{\"$date\":\"2023-02-21T05:24:20.046+00:00\"},\"s\":\"I\",  \"c\":\"STORAGE\",  \"id\":22323,   \"ctx\":\"SignalHandler\",\"msg\":\"Finished shutting down checkpoint thread\"}\n","stream":"stdout"}
1970-01-01T00:33:43+00:00	docker.logs	{"log":"{\"t\":{\"$date\":\"2023-02-21T05:24:20.047+00:00\"},\"s\":\"I\",  \"c\":\"STORAGE\",  \"id\":20282,   \"ctx\":\"SignalHandler\",\"msg\":\"Deregistering all the collections\"}\n","stream":"stdout"}
1970-01-01T00:33:43+00:00	docker.logs	{"log":"{\"t\":{\"$date\":\"2023-02-21T05:24:20.047+00:00\"},\"s\":\"I\",  \"c\":\"STORAGE\",  \"id\":22261,   \"ctx\":\"SignalHandler\",\"msg\":\"Timestamp monitor shutting down\"}\n","stream":"stdout"}
1970-01-01T00:33:43+00:00	docker.logs	{"log":"{\"t\":{\"$date\":\"2023-02-21T05:24:20.047+00:00\"},\"s\":\"I\",  \"c\":\"STORAGE\",  \"id\":22317,   \"ctx\":\"SignalHandler\",\"msg\":\"WiredTigerKVEngine shutting down\"}\n","stream":"stdout"}
1970-01-01T00:33:43+00:00	docker.logs	{"log":"{\"t\":{\"$date\":\"2023-02-21T05:24:20.047+00:00\"},\"s\":\"I\",  \"c\":\"STORAGE\",  \"id\":22318,   \"ctx\":\"SignalHandler\",\"msg\":\"Shutting down session sweeper thread\"}\n","stream":"stdout"}
1970-01-01T00:33:43+00:00	docker.logs	{"log":"{\"t\":{\"$date\":\"2023-02-21T05:24:20.048+00:00\"},\"s\":\"I\",  \"c\":\"STORAGE\",  \"id\":22319,   \"ctx\":\"SignalHandler\",\"msg\":\"Finished shutting down session sweeper thread\"}\n","stream":"stdout"}
1970-01-01T00:33:43+00:00	docker.logs	{"log":"{\"t\":{\"$date\":\"2023-02-21T05:24:20.048+00:00\"},\"s\":\"I\",  \"c\":\"STORAGE\",  \"id\":4795902, \"ctx\":\"SignalHandler\",\"msg\":\"Closing WiredTiger\",\"attr\":{\"closeConfig\":\"leak_memory=true,\"}}\n","stream":"stdout"}
1970-01-01T00:33:43+00:00	docker.logs	{"log":"{\"t\":{\"$date\":\"2023-02-21T05:24:20.079+00:00\"},\"s\":\"I\",  \"c\":\"STORAGE\",  \"id\":4795901, \"ctx\":\"SignalHandler\",\"msg\":\"WiredTiger closed\",\"attr\":{\"durationMillis\":31}}\n","stream":"stdout"}
1970-01-01T00:33:43+00:00	docker.logs	{"log":"{\"t\":{\"$date\":\"2023-02-21T05:24:20.079+00:00\"},\"s\":\"I\",  \"c\":\"STORAGE\",  \"id\":22279,   \"ctx\":\"SignalHandler\",\"msg\":\"shutdown: removing fs lock...\"}\n","stream":"stdout"}
1970-01-01T00:33:43+00:00	docker.logs	{"log":"{\"t\":{\"$date\":\"2023-02-21T05:24:20.079+00:00\"},\"s\":\"I\",  \"c\":\"-\",        \"id\":4784931, \"ctx\":\"SignalHandler\",\"msg\":\"Dropping the scope cache for shutdown\"}\n","stream":"stdout"}
1970-01-01T00:33:43+00:00	docker.logs	{"log":"{\"t\":{\"$date\":\"2023-02-21T05:24:20.079+00:00\"},\"s\":\"I\",  \"c\":\"FTDC\",     \"id\":20626,   \"ctx\":\"SignalHandler\",\"msg\":\"Shutting down full-time diagnostic data capture\"}\n","stream":"stdout"}
1970-01-01T00:33:43+00:00	docker.logs	{"log":"{\"t\":{\"$date\":\"2023-02-21T05:24:20.084+00:00\"},\"s\":\"I\",  \"c\":\"CONTROL\",  \"id\":20565,   \"ctx\":\"SignalHandler\",\"msg\":\"Now exiting\"}\n","stream":"stdout"}
1970-01-01T00:33:43+00:00	docker.logs	{"log":"{\"t\":{\"$date\":\"2023-02-21T05:24:20.084+00:00\"},\"s\":\"I\",  \"c\":\"CONTROL\",  \"id\":23138,   \"ctx\":\"SignalHandler\",\"msg\":\"Shutting down\",\"attr\":{\"exitCode\":0}}\n","stream":"stdout"}
1970-01-01T00:33:43+00:00	docker.logs	{"log":"exec ./web: no such file or directory\r\n","stream":"stdout"}
1970-01-01T00:33:43+00:00	docker.logs	{"log":"exec ./docker-gs-ping: no such file or directory\r\n","stream":"stdout"}
1970-01-01T00:33:43+00:00	docker.logs	{"log":"^C","stream":"stdout"}
1970-01-01T00:33:43+00:00	docker.logs	{"log":"\n","stream":"stdout"}
1970-01-01T00:33:43+00:00	docker.logs	{"log":"> expressite@1.0.0 start\n","stream":"stdout"}
1970-01-01T00:33:43+00:00	docker.logs	{"log":"> node server.js\n","stream":"stdout"}
1970-01-01T00:33:43+00:00	docker.logs	{"log":"\n","stream":"stdout"}
1970-01-01T00:33:43+00:00	docker.logs	{"log":"Trying to connect to mongodb/funWithDocker MongoDB database\n","stream":"stdout"}
1970-01-01T00:33:43+00:00	docker.logs	{"log":"(node:17) [MONGODB DRIVER] Warning: promiseLibrary is a deprecated option\n","stream":"stderr"}
1970-01-01T00:33:43+00:00	docker.logs	{"log":"(Use `node --trace-warnings ...` to show where the warning was created)\n","stream":"stderr"}
1970-01-01T00:33:43+00:00	docker.logs	{"log":"[production] Listening on http://localhost:3000\n","stream":"stdout"}
1970-01-01T00:33:43+00:00	docker.logs	{"log":"db connection open\n","stream":"stdout"}
1970-01-01T00:33:43+00:00	docker.logs	{"log":"npm ERR! path /var/www\n","stream":"stderr"}
1970-01-01T00:33:43+00:00	docker.logs	{"log":"npm ERR! command failed\n","stream":"stderr"}
1970-01-01T00:33:43+00:00	docker.logs	{"log":"npm ERR! signal SIGTERM\n","stream":"stderr"}
1970-01-01T00:33:43+00:00	docker.logs	{"log":"npm ERR! command sh -c node server.js\n","stream":"stderr"}
1970-01-01T00:33:43+00:00	docker.logs	{"log":"\n","stream":"stderr"}
1970-01-01T00:33:43+00:00	docker.logs	{"log":"npm ERR! A complete log of this run can be found in:\n","stream":"stderr"}
1970-01-01T00:33:43+00:00	docker.logs	{"log":"npm ERR!     /root/.npm/_logs/2023-02-21T04_26_05_728Z-debug-0.log\n","stream":"stderr"}
1970-01-01T00:33:43+00:00	docker.logs	{"log":"^C","stream":"stdout"}
1970-01-01T00:33:43+00:00	docker.logs	{"log":"exec /web: no such file or directory\r\n","stream":"stdout"}
1970-01-01T00:33:43+00:00	docker.logs	{"log":"exec ./web: no such file or directory\r\n","stream":"stdout"}
1970-01-01T00:33:43+00:00	docker.logs	{"log":"1:C 01 Mar 2023 03:53:43.645 # oO0OoO0OoO0Oo Redis is starting oO0OoO0OoO0Oo\n","stream":"stdout"}
1970-01-01T00:33:43+00:00	docker.logs	{"log":"1:C 01 Mar 2023 03:53:43.645 # Redis version=7.0.8, bits=64, commit=00000000, modified=0, pid=1, just started\n","stream":"stdout"}
1970-01-01T00:33:43+00:00	docker.logs	{"log":"1:C 01 Mar 2023 03:53:43.645 # Warning: no config file specified, using the default config. In order to specify a config file use redis-server /path/to/redis.conf\n","stream":"stdout"}
1970-01-01T00:33:43+00:00	docker.logs	{"log":"1:M 01 Mar 2023 03:53:43.646 * monotonic clock: POSIX clock_gettime\n","stream":"stdout"}
1970-01-01T00:33:43+00:00	docker.logs	{"log":"1:M 01 Mar 2023 03:53:43.646 * Running mode=standalone, port=6379.\n","stream":"stdout"}
1970-01-01T00:33:43+00:00	docker.logs	{"log":"1:M 01 Mar 2023 03:53:43.646 # Server initialized\n","stream":"stdout"}
1970-01-01T00:33:43+00:00	docker.logs	{"log":"1:M 01 Mar 2023 03:53:43.646 # WARNING Memory overcommit must be enabled! Without it, a background save or replication may fail under low memory condition. Being disabled, it can can also cause failures without low memory condition, see https://github.com/jemalloc/jemalloc/issues/1328. To fix this issue add 'vm.overcommit_memory = 1' to /etc/sysctl.conf and then reboot or run the command 'sysctl vm.overcommit_memory=1' for this to take effect.\n","stream":"stdout"}
1970-01-01T00:33:43+00:00	docker.logs	{"log":"1:M 01 Mar 2023 03:53:43.647 * Ready to accept connections\n","stream":"stdout"}
1970-01-01T00:33:43+00:00	docker.logs	{"log":"exec /docker-gs-ping: no such file or directory\r\n","stream":"stdout"}
1970-01-01T00:33:43+00:00	docker.logs	{"log":"exec /docker-gs-ping: no such file or directory\r\n","stream":"stdout"}
1970-01-01T00:33:43+00:00	docker.logs	{"log":"exec ./booklibrary: no such file or directory\n","stream":"stderr"}
1970-01-01T00:33:43+00:00	docker.logs	{"log":"exec ./web: no such file or directory\r\n","stream":"stdout"}
1970-01-01T00:33:43+00:00	docker.logs	{"log":"exec ./booklibrary: no such file or directory\n","stream":"stderr"}
1970-01-01T00:33:43+00:00	docker.logs	{"log":"exec ./booklibrary: no such file or directory\n","stream":"stderr"}
1970-01-01T00:33:43+00:00	docker.logs	{"log":"exec ./booklibrary: no such file or directory\n","stream":"stderr"}
1970-01-01T00:33:43+00:00	docker.logs	{"log":"exec ./booklibrary: no such file or directory\n","stream":"stderr"}
1970-01-01T00:33:43+00:00	docker.logs	{"log":"{\"app_port\":8082,\"level\":\"info\",\"msg\":\"Application running in environment:\",\"runtime_setup\":\"dev\",\"time\":\"2023-03-01T03:53:44Z\"}\n","stream":"stdout"}
1970-01-01T00:33:43+00:00	docker.logs	{"log":"[GIN-debug] [WARNING] Creating an Engine instance with the Logger and Recovery middleware already attached.\n","stream":"stdout"}
1970-01-01T00:33:43+00:00	docker.logs	{"log":"\n","stream":"stdout"}
1970-01-01T00:33:43+00:00	docker.logs	{"log":"[GIN-debug] [WARNING] Running in \"debug\" mode. Switch to \"release\" mode in production.\n","stream":"stdout"}
1970-01-01T00:33:43+00:00	docker.logs	{"log":" - using env:\texport GIN_MODE=release\n","stream":"stdout"}
1970-01-01T00:33:43+00:00	docker.logs	{"log":" - using code:\tgin.SetMode(gin.ReleaseMode)\n","stream":"stdout"}
1970-01-01T00:33:43+00:00	docker.logs	{"log":"\n","stream":"stdout"}
1970-01-01T00:33:43+00:00	docker.logs	{"log":"[GIN-debug] GET    /static/*filepath         --> github.com/gin-gonic/gin.(*RouterGroup).createStaticHandler.func1 (3 handlers)\n","stream":"stdout"}
1970-01-01T00:33:43+00:00	docker.logs	{"log":"[GIN-debug] HEAD   /static/*filepath         --> github.com/gin-gonic/gin.(*RouterGroup).createStaticHandler.func1 (3 handlers)\n","stream":"stdout"}
1970-01-01T00:33:43+00:00	docker.logs	{"log":"[GIN-debug] Loaded HTML Templates (3): \n","stream":"stdout"}
1970-01-01T00:33:43+00:00	docker.logs	{"log":"\t- \n","stream":"stdout"}
1970-01-01T00:33:43+00:00	docker.logs	{"log":"\t- index.html\n","stream":"stdout"}
1970-01-01T00:33:43+00:00	docker.logs	{"log":"\t- library.html\n","stream":"stdout"}
1970-01-01T00:33:43+00:00	docker.logs	{"log":"\n","stream":"stdout"}
1970-01-01T00:33:43+00:00	docker.logs	{"log":"[GIN-debug] GET    /                         --> main.main.func1 (3 handlers)\n","stream":"stdout"}
1970-01-01T00:33:43+00:00	docker.logs	{"log":"[GIN-debug] GET    /collection               --> main.getCollection (3 handlers)\n","stream":"stdout"}
1970-01-01T00:33:43+00:00	docker.logs	{"log":"[GIN-debug] [WARNING] You trusted all proxies, this is NOT safe. We recommend you to set a value.\n","stream":"stdout"}
1970-01-01T00:33:43+00:00	docker.logs	{"log":"Please check https://pkg.go.dev/github.com/gin-gonic/gin#readme-don-t-trust-all-proxies for details.\n","stream":"stdout"}
1970-01-01T00:33:43+00:00	docker.logs	{"log":"[GIN-debug] Listening and serving HTTP on 0.0.0.0:8082\n","stream":"stdout"}
1970-01-01T00:33:43+00:00	docker.logs	{"log":"exec ./docker-gs-ping: no such file or directory\r\n","stream":"stdout"}
1970-01-01T00:33:43+00:00	docker.logs	{"log":"exec ./web: no such file or directory\r\n","stream":"stdout"}
1970-01-01T00:33:43+00:00	docker.logs	{"log":"[GIN] 2023/03/01 - 03:54:24 | 200 |     286.803s |   192.168.112.1 | GET      \"/\"\n","stream":"stdout"}
1970-01-01T00:33:43+00:00	docker.logs	{"log":"[GIN] 2023/03/01 - 03:54:24 | 404 |         900ns |   192.168.112.1 | GET      \"/bookstore.png\"\n","stream":"stdout"}
1970-01-01T00:33:43+00:00	docker.logs	{"log":"2023/03/01 03:54:38 redis get booklist:  {\"BookList\":[{\"ID\":1,\"Name\":\"name\",\"Author\":\"isr\",\"Labels\":\"none\",\"Quantity\":2},{\"ID\":2,\"Name\":\"hola\",\"Author\":\"isr\",\"Labels\":\"none\",\"Quantity\":5}]}\n","stream":"stderr"}
1970-01-01T00:33:43+00:00	docker.logs	{"log":"[GIN] 2023/03/01 - 03:54:38 | 200 |     939.605s |   192.168.112.1 | GET      \"/collection\"\n","stream":"stdout"}
